[25.10.2020 21:31:13 INFO: "GET /json HTTP/1.1" 301 0
[25.10.2020 21:31:17 INFO: "GET /json/version HTTP/1.1" 301 0
[25.10.2020 21:31:19 INFO: "GET /json HTTP/1.1" 301 0
[25.10.2020 21:31:23 ERROR: "GET / HTTP/1.1" 500 162804
[25.10.2020 21:31:23 ERROR: "GET  HTTP/1.1" 500 168544
[25.10.2020 21:31:26 INFO: "GET /json/version HTTP/1.1" 301 0
[25.10.2020 21:31:29 INFO: "GET /json HTTP/1.1" 301 0
[25.10.2020 21:31:35 ERROR: "GET  HTTP/1.1" 500 168544
[25.10.2020 21:31:35 ERROR: "GET / HTTP/1.1" 500 163495
[25.10.2020 21:31:36 INFO: "GET /json/version HTTP/1.1" 301 0
[25.10.2020 21:31:38 INFO: "GET /json HTTP/1.1" 301 0
[25.10.2020 21:31:44 ERROR: "GET  HTTP/1.1" 500 168544
[25.10.2020 21:31:45 INFO: "GET /json/version HTTP/1.1" 301 0
[25.10.2020 21:31:47 INFO: "GET /json HTTP/1.1" 301 0
[25.10.2020 21:31:53 ERROR: "GET  HTTP/1.1" 500 168544
[25.10.2020 21:31:54 INFO: "GET /json/version HTTP/1.1" 301 0
[25.10.2020 21:32:05 INFO: "GET /json/version HTTP/1.1" 301 0
[25.10.2020 21:32:07 INFO: "GET /json HTTP/1.1" 301 0
[25.10.2020 21:32:12 ERROR: "GET  HTTP/1.1" 500 168544
[25.10.2020 21:32:12 INFO: "GET /json/version HTTP/1.1" 301 0
[25.10.2020 21:32:14 INFO: "GET /json HTTP/1.1" 301 0
[25.10.2020 21:32:21 ERROR: "GET  HTTP/1.1" 500 168544
[25.10.2020 21:32:22 INFO: "GET /json/version HTTP/1.1" 301 0
[25.10.2020 21:32:24 INFO: "GET /json HTTP/1.1" 301 0
[25.10.2020 21:32:30 ERROR: "GET  HTTP/1.1" 500 168544
[25.10.2020 21:32:31 INFO: "GET /json/version HTTP/1.1" 301 0
[25.10.2020 21:32:33 INFO: "GET /json HTTP/1.1" 301 0
[25.10.2020 21:32:39 ERROR: "GET  HTTP/1.1" 500 168544
[25.10.2020 21:32:40 INFO: "GET /json/version HTTP/1.1" 301 0
[25.10.2020 21:34:28 WARNING: "GET  HTTP/1.1" 404 1635
[25.10.2020 21:34:29 INFO: "GET / HTTP/1.1" 200 4247
[25.10.2020 21:34:29 INFO: "GET /static/plugins/bootstrap/css/bootstrap.min.css HTTP/1.1" 304 0
[25.10.2020 21:34:29 INFO: "GET /static/plugins/font-awesome/css/fontawesome-all.min.css HTTP/1.1" 304 0
[25.10.2020 21:34:29 INFO: "GET /static/css/News.css HTTP/1.1" 304 0
[25.10.2020 21:34:30 INFO: "GET /static/plugins/bootstrap/js/bootstrap.min.js HTTP/1.1" 304 0
[25.10.2020 21:34:30 INFO: "GET /static/plugins/metismenu/jquery.metisMenu.js HTTP/1.1" 304 0
[25.10.2020 21:34:30 INFO: "GET /static/plugins/animate/animate.min.css HTTP/1.1" 304 0
[25.10.2020 21:34:30 INFO: "GET /static/plugins/slimscroll/jquery.slimscroll.js HTTP/1.1" 304 0
[25.10.2020 21:34:30 INFO: "GET /static/js/inspinia.js HTTP/1.1" 304 0
[25.10.2020 21:34:30 INFO: "GET /static/plugins/pace/pace.min.js HTTP/1.1" 304 0
[25.10.2020 21:34:30 INFO: "GET /static/css/inspinia.css HTTP/1.1" 304 0
[25.10.2020 21:34:30 INFO: "GET /static/plugins/jQuery/jquery-3.4.1.min.js HTTP/1.1" 304 0
[25.10.2020 21:34:30 INFO: "GET /static/plugins/popper/popper.min.js HTTP/1.1" 304 0
[25.10.2020 21:34:30 INFO: "GET /json/version HTTP/1.1" 301 0
[25.10.2020 21:34:32 INFO: "GET /json HTTP/1.1" 301 0
[25.10.2020 21:34:39 WARNING: "GET  HTTP/1.1" 404 1635
[25.10.2020 21:34:39 INFO: "GET /json/version HTTP/1.1" 301 0
[25.10.2020 21:34:42 INFO: "GET /json HTTP/1.1" 301 0
[25.10.2020 21:34:43 INFO: "GET /logout/ HTTP/1.1" 302 0
[25.10.2020 21:34:45 INFO: "GET /login/ HTTP/1.1" 200 98132
[25.10.2020 21:34:45 INFO: "GET /static/wagtailadmin/css/vendor/jquery-ui/jquery-ui-1.10.3.verdant.css?v=d3b0b623 HTTP/1.1" 304 0
[25.10.2020 21:34:45 INFO: "GET /static/wagtailadmin/css/vendor/jquery.tagit.css?v=d3b0b623 HTTP/1.1" 304 0
[25.10.2020 21:34:45 INFO: "GET /static/wagtailadmin/css/normalize.css?v=d3b0b623 HTTP/1.1" 304 0
[25.10.2020 21:34:45 INFO: "GET /static/wagtailadmin/css/layouts/login.css?v=d3b0b623 HTTP/1.1" 304 0
[25.10.2020 21:34:45 INFO: "GET /static/wagtailadmin/css/core.css?v=d3b0b623 HTTP/1.1" 304 0
[25.10.2020 21:34:45 INFO: "GET /static/wagtailadmin/js/vendor/modernizr-2.6.2.min.js?v=d3b0b623 HTTP/1.1" 200 10583
[25.10.2020 21:34:45 INFO: "GET /static/wagtailadmin/js/vendor/bootstrap-transition.js?v=d3b0b623 HTTP/1.1" 200 2087
[25.10.2020 21:34:45 INFO: "GET /static/wagtailadmin/js/vendor/jquery.autosize.js?v=d3b0b623 HTTP/1.1" 200 5571
[25.10.2020 21:34:45 INFO: "GET /static/wagtailadmin/js/vendor/jquery.datetimepicker.js?v=d3b0b623 HTTP/1.1" 200 110564
[25.10.2020 21:34:46 INFO: "GET /static/wagtailadmin/js/vendor/jquery-3.5.1.min.js?v=d3b0b623 HTTP/1.1" 200 89476
[25.10.2020 21:34:46 INFO: "GET /static/wagtailadmin/js/vendor/bootstrap-modal.js?v=d3b0b623 HTTP/1.1" 200 7031
[25.10.2020 21:34:46 INFO: "GET /static/wagtailadmin/js/vendor/bootstrap-tab.js?v=d3b0b623 HTTP/1.1" 200 3563
[25.10.2020 21:34:46 INFO: "GET /static/wagtailadmin/js/vendor/tag-it.js?v=d3b0b623 HTTP/1.1" 200 21946
[25.10.2020 21:34:46 INFO: "GET /static/wagtailadmin/js/core.js?v=d3b0b623 HTTP/1.1" 200 18634
[25.10.2020 21:34:46 INFO: "GET /static/wagtailadmin/js/vendor/jquery-ui-1.12.1.min.js?v=d3b0b623 HTTP/1.1" 200 253669
[25.10.2020 21:34:46 INFO: "GET /static/wagtailadmin/js/wagtailadmin.js?v=d3b0b623 HTTP/1.1" 200 61132
[25.10.2020 21:34:46 INFO: "GET /static/wagtailadmin/js/vendor.js?v=d3b0b623 HTTP/1.1" 200 224689
[25.10.2020 21:34:46 INFO: "GET /static/wagtailadmin/fonts/wagtail.woff HTTP/1.1" 200 24408
[25.10.2020 21:34:46 INFO: "GET /static/wagtailadmin/fonts/opensans-regular.woff2 HTTP/1.1" 200 68812
[25.10.2020 21:34:46 INFO: "GET /static/wagtailadmin/fonts/opensans-light.woff2 HTTP/1.1" 200 65728
[25.10.2020 21:34:48 WARNING: "GET  HTTP/1.1" 404 1635
[25.10.2020 21:34:49 INFO: "GET /json/version HTTP/1.1" 301 0
[25.10.2020 21:34:51 INFO: "GET /json HTTP/1.1" 301 0
[25.10.2020 21:34:57 WARNING: "GET  HTTP/1.1" 404 1635
[25.10.2020 21:34:58 INFO: "GET /json/version HTTP/1.1" 301 0
[25.10.2020 21:35:00 INFO: "GET /json HTTP/1.1" 301 0
[25.10.2020 21:35:06 WARNING: "GET  HTTP/1.1" 404 1635
[25.10.2020 21:35:07 INFO: "GET /json/version HTTP/1.1" 301 0
[25.10.2020 21:35:09 INFO: "GET /json HTTP/1.1" 301 0
[25.10.2020 21:35:15 WARNING: "GET  HTTP/1.1" 404 1635
[25.10.2020 21:35:16 INFO: "GET /json/version HTTP/1.1" 301 0
[25.10.2020 21:35:18 INFO: "GET /json HTTP/1.1" 301 0
[25.10.2020 21:35:24 WARNING: "GET  HTTP/1.1" 404 1635
[25.10.2020 21:35:25 INFO: "GET /json/version HTTP/1.1" 301 0
[25.10.2020 21:35:26 INFO: "POST /login/ HTTP/1.1" 302 0
[25.10.2020 21:35:27 INFO: "GET / HTTP/1.1" 200 12208
[25.10.2020 21:35:27 INFO: "GET /static/wagtailadmin/css/userbar.css?v=d3b0b623 HTTP/1.1" 304 0
[25.10.2020 21:35:27 INFO: "GET /static/wagtailadmin/js/userbar.js?v=d3b0b623 HTTP/1.1" 200 1802
[25.10.2020 21:35:27 INFO: "GET /json HTTP/1.1" 301 0
[25.10.2020 21:35:32 INFO: "GET /cms HTTP/1.1" 301 0
[25.10.2020 21:35:33 INFO: "GET /cms/ HTTP/1.1" 200 106679
[25.10.2020 21:35:33 INFO: "GET /static/wagtailadmin/css/layouts/home.css?v=d3b0b623 HTTP/1.1" 200 2404
[25.10.2020 21:35:33 INFO: "GET /static/wagtailadmin/css/layouts/page-editor.css?v=d3b0b623 HTTP/1.1" 200 8638
[25.10.2020 21:35:33 INFO: "GET /static/wagtailadmin/images/logo-eyeopen.svg?v=d3b0b623 HTTP/1.1" 200 218
[25.10.2020 21:35:34 INFO: "GET /static/wagtailadmin/images/wagtail-logo.svg?v=d3b0b623 HTTP/1.1" 200 3082
[25.10.2020 21:35:34 INFO: "GET /static/wagtailadmin/images/logo-body.svg?v=d3b0b623 HTTP/1.1" 200 1331
[25.10.2020 21:35:34 INFO: "GET /static/wagtailadmin/images/default-user-avatar.png?v=d3b0b623 HTTP/1.1" 200 1665
[25.10.2020 21:35:34 INFO: "GET /static/wagtailadmin/images/logo-tail.svg?v=d3b0b623 HTTP/1.1" 200 177
[25.10.2020 21:35:34 INFO: "GET /static/wagtailadmin/images/logo-eyeclosed.svg?v=d3b0b623 HTTP/1.1" 200 182
[25.10.2020 21:35:34 WARNING: "GET  HTTP/1.1" 404 1635
[25.10.2020 21:35:35 INFO: "GET /static/wagtailadmin/fonts/opensans-semibold.woff2 HTTP/1.1" 200 69508
[25.10.2020 21:35:35 INFO: "GET /static/wagtailadmin/fonts/opensans-bold.woff2 HTTP/1.1" 200 69428
[25.10.2020 21:35:35 INFO: "GET /static/wagtailadmin/fonts/robotoslab-regular.woff2 HTTP/1.1" 200 87596
[25.10.2020 21:35:35 INFO: "GET /json/version HTTP/1.1" 301 0
[25.10.2020 21:35:36 INFO: "GET /cms/api/main/pages/?child_of=1&for_explorer=1 HTTP/1.1" 200 1026
[25.10.2020 21:35:37 INFO: "GET /json HTTP/1.1" 301 0
[25.10.2020 21:35:38 INFO: "GET /cms/pages/3/ HTTP/1.1" 200 112024
[25.10.2020 21:35:38 INFO: "GET /static/wagtailadmin/js/modal-workflow.js?v=d3b0b623 HTTP/1.1" 200 3695
[25.10.2020 21:35:38 INFO: "GET /static/wagtailadmin/js/privacy-switch.js?v=d3b0b623 HTTP/1.1" 200 2470
[25.10.2020 21:35:43 INFO: "GET /cms/pages/3/add_subpage/ HTTP/1.1" 302 0
[25.10.2020 21:35:43 WARNING: "GET  HTTP/1.1" 404 1635
[25.10.2020 21:35:44 INFO: "GET /json/version HTTP/1.1" 301 0
[25.10.2020 21:35:44 INFO: "GET /cms/pages/add/posts/postdetailpage/3/ HTTP/1.1" 200 122071
[25.10.2020 21:35:45 INFO: "GET /static/wagtailadmin/css/panels/draftail.css?v=d3b0b623 HTTP/1.1" 200 11532
[25.10.2020 21:35:45 INFO: "GET /static/wagtailadmin/js/vendor/urlify.js?v=d3b0b623 HTTP/1.1" 200 8985
[25.10.2020 21:35:45 INFO: "GET /static/wagtailadmin/js/vendor/mousetrap.min.js?v=d3b0b623 HTTP/1.1" 200 4696
[25.10.2020 21:35:45 INFO: "GET /static/wagtailadmin/js/expanding_formset.js?v=d3b0b623 HTTP/1.1" 200 1172
[25.10.2020 21:35:45 INFO: "GET /static/wagtailadmin/js/page-editor.js?v=d3b0b623 HTTP/1.1" 200 13183
[25.10.2020 21:35:45 INFO: "GET /static/wagtailadmin/js/workflow-action.js?v=d3b0b623 HTTP/1.1" 200 4268
[25.10.2020 21:35:45 INFO: "GET /static/wagtailadmin/js/lock-unlock-action.js?v=d3b0b623 HTTP/1.1" 200 1161
[25.10.2020 21:35:45 INFO: "GET /static/wagtailadmin/js/date-time-chooser.js?v=d3b0b623 HTTP/1.1" 200 3046
[25.10.2020 21:35:45 INFO: "GET /static/wagtailadmin/js/vendor/xregexp.min.js?v=d3b0b623 HTTP/1.1" 200 62474
[25.10.2020 21:35:45 INFO: "GET /static/wagtailadmin/js/workflow-status.js?v=d3b0b623 HTTP/1.1" 200 272
[25.10.2020 21:35:45 INFO: "GET /static/wagtailadmin/js/vendor/rangy-core.js?v=d3b0b623 HTTP/1.1" 200 47643
[25.10.2020 21:35:45 INFO: "GET /static/wagtailadmin/js/vendor/bootstrap-tooltip.js?v=d3b0b623 HTTP/1.1" 200 11928
[25.10.2020 21:35:45 INFO: "GET /static/wagtailadmin/js/draftail.js?v=d3b0b623 HTTP/1.1" 200 272559
[25.10.2020 21:35:46 INFO: "GET /json HTTP/1.1" 301 0
[25.10.2020 21:35:52 WARNING: "GET  HTTP/1.1" 404 1635
[25.10.2020 21:35:53 INFO: "GET /json/version HTTP/1.1" 301 0
[25.10.2020 21:35:55 INFO: "GET /json HTTP/1.1" 301 0
[25.10.2020 21:36:01 WARNING: "GET  HTTP/1.1" 404 1635
[25.10.2020 21:36:02 INFO: "GET /json/version HTTP/1.1" 301 0
[25.10.2020 21:36:04 INFO: "GET /json HTTP/1.1" 301 0
[25.10.2020 21:36:06 INFO: "GET /static/wagtailadmin/images/favicon.ico?v=d3b0b623 HTTP/1.1" 200 2666
[25.10.2020 21:36:10 WARNING: "GET  HTTP/1.1" 404 1635
[25.10.2020 21:36:11 INFO: "GET /json/version HTTP/1.1" 301 0
[25.10.2020 21:36:13 INFO: "GET /json HTTP/1.1" 301 0
[25.10.2020 21:36:20 WARNING: "GET  HTTP/1.1" 404 1635
[25.10.2020 21:36:21 INFO: "GET /json/version HTTP/1.1" 301 0
[25.10.2020 21:36:23 INFO: "GET /json HTTP/1.1" 301 0
[25.10.2020 21:36:29 WARNING: "GET  HTTP/1.1" 404 1635
[25.10.2020 21:36:30 INFO: "GET /json/version HTTP/1.1" 301 0
[25.10.2020 21:36:32 INFO: "GET /json HTTP/1.1" 301 0
[25.10.2020 21:36:38 WARNING: "GET  HTTP/1.1" 404 1635
[25.10.2020 21:36:39 INFO: "GET /json/version HTTP/1.1" 301 0
[25.10.2020 21:36:41 INFO: "GET /json HTTP/1.1" 301 0
[25.10.2020 21:36:47 WARNING: "GET  HTTP/1.1" 404 1635
[25.10.2020 21:36:48 INFO: "GET /json/version HTTP/1.1" 301 0
[25.10.2020 21:36:50 INFO: "GET /json HTTP/1.1" 301 0
[25.10.2020 21:36:56 WARNING: "GET  HTTP/1.1" 404 1635
[25.10.2020 21:36:57 INFO: "GET /json/version HTTP/1.1" 301 0
[25.10.2020 21:37:00 INFO: "GET /json HTTP/1.1" 301 0
[25.10.2020 21:37:06 WARNING: "GET  HTTP/1.1" 404 1635
[25.10.2020 21:37:07 INFO: "GET /json/version HTTP/1.1" 301 0
[25.10.2020 21:37:09 INFO: "GET /json HTTP/1.1" 301 0
[25.10.2020 21:37:15 WARNING: "GET  HTTP/1.1" 404 1635
[25.10.2020 21:37:16 INFO: "GET /json/version HTTP/1.1" 301 0
[25.10.2020 21:37:18 INFO: "GET /json HTTP/1.1" 301 0
[25.10.2020 21:37:24 WARNING: "GET  HTTP/1.1" 404 1635
[25.10.2020 21:37:25 INFO: "GET /json/version HTTP/1.1" 301 0
[25.10.2020 21:37:27 INFO: "GET /json HTTP/1.1" 301 0
[25.10.2020 21:37:33 WARNING: "GET  HTTP/1.1" 404 1635
[25.10.2020 21:37:34 INFO: "GET /json/version HTTP/1.1" 301 0
[25.10.2020 21:38:17 INFO: "GET /json HTTP/1.1" 301 0
[25.10.2020 21:38:20 WARNING: "GET  HTTP/1.1" 404 1635
[25.10.2020 21:38:20 INFO: "GET /json/version HTTP/1.1" 301 0
[25.10.2020 21:38:22 INFO: "GET /json HTTP/1.1" 301 0
[25.10.2020 21:38:29 WARNING: "GET  HTTP/1.1" 404 1635
[25.10.2020 21:38:30 INFO: "GET /json/version HTTP/1.1" 301 0
[25.10.2020 21:38:32 INFO: "GET /json HTTP/1.1" 301 0
[25.10.2020 21:38:39 WARNING: "GET  HTTP/1.1" 404 1635
[25.10.2020 21:38:40 INFO: "GET /json/version HTTP/1.1" 301 0
[25.10.2020 21:38:42 INFO: "GET /json HTTP/1.1" 301 0
[25.10.2020 21:38:48 WARNING: "GET  HTTP/1.1" 404 1635
[25.10.2020 21:38:49 INFO: "GET /json/version HTTP/1.1" 301 0
[25.10.2020 21:40:40 WARNING: "GET  HTTP/1.1" 404 1635
[25.10.2020 21:40:40 INFO: "GET /json/version HTTP/1.1" 301 0
[25.10.2020 21:40:42 INFO: "GET /json HTTP/1.1" 301 0
[25.10.2020 21:40:48 WARNING: "GET  HTTP/1.1" 404 1635
[25.10.2020 21:40:49 INFO: "GET /json/version HTTP/1.1" 301 0
[25.10.2020 21:40:51 INFO: "GET /json HTTP/1.1" 301 0
[25.10.2020 21:40:57 WARNING: "GET  HTTP/1.1" 404 1635
[25.10.2020 21:40:58 INFO: "GET /json/version HTTP/1.1" 301 0
[25.10.2020 21:41:00 INFO: "GET /json HTTP/1.1" 301 0
[26.10.2020 21:35:28 INFO: "GET / HTTP/1.1" 200 4247
[26.10.2020 21:35:28 INFO: "GET /static/plugins/animate/animate.min.css HTTP/1.1" 304 0
[26.10.2020 21:35:28 INFO: "GET /static/css/inspinia.css HTTP/1.1" 304 0
[26.10.2020 21:35:28 INFO: "GET /static/plugins/popper/popper.min.js HTTP/1.1" 304 0
[26.10.2020 21:35:28 INFO: "GET /static/plugins/metismenu/jquery.metisMenu.js HTTP/1.1" 304 0
[26.10.2020 21:35:28 INFO: "GET /static/plugins/slimscroll/jquery.slimscroll.js HTTP/1.1" 304 0
[26.10.2020 21:35:28 INFO: "GET /static/js/inspinia.js HTTP/1.1" 304 0
[26.10.2020 21:35:28 INFO: "GET /static/plugins/pace/pace.min.js HTTP/1.1" 304 0
[26.10.2020 21:35:28 INFO: "GET /static/css/News.css HTTP/1.1" 304 0
[26.10.2020 21:35:28 INFO: "GET /static/plugins/jQuery/jquery-3.4.1.min.js HTTP/1.1" 304 0
[26.10.2020 21:35:28 INFO: "GET /static/plugins/bootstrap/css/bootstrap.min.css HTTP/1.1" 304 0
[26.10.2020 21:35:28 INFO: "GET /static/plugins/font-awesome/css/fontawesome-all.min.css HTTP/1.1" 304 0
[26.10.2020 21:35:28 INFO: "GET /static/plugins/bootstrap/js/bootstrap.min.js HTTP/1.1" 304 0
[26.10.2020 21:35:36 INFO: "GET /cms HTTP/1.1" 301 0
[26.10.2020 21:35:36 INFO: "GET /cms/ HTTP/1.1" 302 0
[26.10.2020 21:35:36 INFO: "GET /cms/ HTTP/1.1" 302 0
[26.10.2020 21:35:38 INFO: "GET /cms/login/?next=/cms/ HTTP/1.1" 200 97898
[26.10.2020 21:35:38 INFO: "GET /static/wagtailadmin/css/normalize.css?v=d3b0b623 HTTP/1.1" 304 0
[26.10.2020 21:35:38 INFO: "GET /static/wagtailadmin/css/vendor/jquery-ui/jquery-ui-1.10.3.verdant.css?v=d3b0b623 HTTP/1.1" 304 0
[26.10.2020 21:35:38 INFO: "GET /static/wagtailadmin/css/vendor/jquery.tagit.css?v=d3b0b623 HTTP/1.1" 304 0
[26.10.2020 21:35:38 INFO: "GET /static/wagtailadmin/css/core.css?v=d3b0b623 HTTP/1.1" 304 0
[26.10.2020 21:35:38 INFO: "GET /static/wagtailadmin/css/layouts/login.css?v=d3b0b623 HTTP/1.1" 304 0
[26.10.2020 21:35:38 INFO: "GET /static/wagtailadmin/js/vendor/jquery.autosize.js?v=d3b0b623 HTTP/1.1" 200 5571
[26.10.2020 21:35:38 INFO: "GET /static/wagtailadmin/js/vendor/modernizr-2.6.2.min.js?v=d3b0b623 HTTP/1.1" 200 10583
[26.10.2020 21:35:38 INFO: "GET /cms/login/?next=/cms/ HTTP/1.1" 200 97898
[26.10.2020 21:35:38 INFO: "GET /static/wagtailadmin/js/vendor/jquery.datetimepicker.js?v=d3b0b623 HTTP/1.1" 200 110564
[26.10.2020 21:35:38 INFO: "GET /static/wagtailadmin/js/vendor/bootstrap-modal.js?v=d3b0b623 HTTP/1.1" 200 7031
[26.10.2020 21:35:38 INFO: "GET /static/wagtailadmin/js/vendor/bootstrap-transition.js?v=d3b0b623 HTTP/1.1" 200 2087
[26.10.2020 21:35:38 INFO: "GET /static/wagtailadmin/js/vendor/jquery-3.5.1.min.js?v=d3b0b623 HTTP/1.1" 200 89476
[26.10.2020 21:35:38 INFO: "GET /static/wagtailadmin/js/vendor/bootstrap-tab.js?v=d3b0b623 HTTP/1.1" 200 3563
[26.10.2020 21:35:39 INFO: "GET /static/wagtailadmin/js/vendor/jquery-ui-1.12.1.min.js?v=d3b0b623 HTTP/1.1" 200 253669
[26.10.2020 21:35:39 INFO: "GET /static/wagtailadmin/js/vendor/tag-it.js?v=d3b0b623 HTTP/1.1" 200 21946
[26.10.2020 21:35:39 INFO: "GET /static/wagtailadmin/js/core.js?v=d3b0b623 HTTP/1.1" 200 18634
[26.10.2020 21:35:39 INFO: "GET /static/wagtailadmin/js/wagtailadmin.js?v=d3b0b623 HTTP/1.1" 200 61132
[26.10.2020 21:35:39 INFO: "GET /static/wagtailadmin/js/vendor.js?v=d3b0b623 HTTP/1.1" 200 224689
[26.10.2020 21:35:39 INFO: "GET /static/wagtailadmin/fonts/opensans-light.woff2 HTTP/1.1" 200 65728
[26.10.2020 21:35:39 INFO: "GET /static/wagtailadmin/fonts/wagtail.woff HTTP/1.1" 200 24408
[26.10.2020 21:35:39 INFO: "GET /static/wagtailadmin/fonts/opensans-regular.woff2 HTTP/1.1" 200 68812
[26.10.2020 21:35:39 INFO: "GET /static/wagtailadmin/images/favicon.ico?v=d3b0b623 HTTP/1.1" 200 2666
[26.10.2020 21:35:44 INFO: "POST /cms/login/ HTTP/1.1" 302 0
[26.10.2020 21:35:45 INFO: "GET /cms/ HTTP/1.1" 200 106679
[26.10.2020 21:35:46 INFO: "GET /static/wagtailadmin/css/layouts/page-editor.css?v=d3b0b623 HTTP/1.1" 304 0
[26.10.2020 21:35:46 INFO: "GET /static/wagtailadmin/css/layouts/home.css?v=d3b0b623 HTTP/1.1" 200 2404
[26.10.2020 21:35:46 INFO: "GET /static/wagtailadmin/images/logo-body.svg?v=d3b0b623 HTTP/1.1" 200 1331
[26.10.2020 21:35:46 INFO: "GET /static/wagtailadmin/images/wagtail-logo.svg?v=d3b0b623 HTTP/1.1" 200 3082
[26.10.2020 21:35:46 INFO: "GET /static/wagtailadmin/images/logo-tail.svg?v=d3b0b623 HTTP/1.1" 200 177
[26.10.2020 21:35:46 INFO: "GET /static/wagtailadmin/images/logo-eyeclosed.svg?v=d3b0b623 HTTP/1.1" 200 182
[26.10.2020 21:35:46 INFO: "GET /static/wagtailadmin/images/default-user-avatar.png?v=d3b0b623 HTTP/1.1" 200 1665
[26.10.2020 21:35:46 INFO: "GET /static/wagtailadmin/images/logo-eyeopen.svg?v=d3b0b623 HTTP/1.1" 200 218
[26.10.2020 21:35:46 INFO: "GET /static/wagtailadmin/fonts/opensans-bold.woff2 HTTP/1.1" 200 69428
[26.10.2020 21:35:46 INFO: "GET /static/wagtailadmin/fonts/opensans-semibold.woff2 HTTP/1.1" 200 69508
[26.10.2020 21:35:46 INFO: "GET /static/wagtailadmin/fonts/robotoslab-regular.woff2 HTTP/1.1" 200 87596
[26.10.2020 21:35:49 INFO: "GET /cms/api/main/pages/?child_of=1&for_explorer=1 HTTP/1.1" 200 1026
[26.10.2020 21:35:51 INFO: "GET /cms/pages/3/ HTTP/1.1" 200 112024
[26.10.2020 21:35:51 INFO: "GET /static/wagtailadmin/js/modal-workflow.js?v=d3b0b623 HTTP/1.1" 200 3695
[26.10.2020 21:35:51 INFO: "GET /static/wagtailadmin/js/privacy-switch.js?v=d3b0b623 HTTP/1.1" 200 2470
[26.10.2020 21:35:55 INFO: "GET /cms/pages/3/add_subpage/ HTTP/1.1" 302 0
[26.10.2020 21:35:56 INFO: "GET /cms/pages/add/posts/postdetailpage/3/ HTTP/1.1" 200 120623
[26.10.2020 21:35:56 INFO: "GET /static/wagtailadmin/css/panels/draftail.css?v=d3b0b623 HTTP/1.1" 200 11532
[26.10.2020 21:35:57 INFO: "GET /static/wagtailadmin/js/vendor/mousetrap.min.js?v=d3b0b623 HTTP/1.1" 200 4696
[26.10.2020 21:35:57 INFO: "GET /static/wagtailadmin/js/vendor/urlify.js?v=d3b0b623 HTTP/1.1" 200 8985
[26.10.2020 21:35:57 INFO: "GET /static/wagtailadmin/js/page-editor.js?v=d3b0b623 HTTP/1.1" 200 13183
[26.10.2020 21:35:57 INFO: "GET /static/wagtailadmin/js/vendor/xregexp.min.js?v=d3b0b623 HTTP/1.1" 200 62474
[26.10.2020 21:35:57 INFO: "GET /static/wagtailadmin/js/expanding_formset.js?v=d3b0b623 HTTP/1.1" 200 1172
[26.10.2020 21:35:57 INFO: "GET /static/wagtailadmin/js/workflow-status.js?v=d3b0b623 HTTP/1.1" 200 272
[26.10.2020 21:35:57 INFO: "GET /static/wagtailadmin/js/vendor/rangy-core.js?v=d3b0b623 HTTP/1.1" 200 47643
[26.10.2020 21:35:57 INFO: "GET /static/wagtailadmin/js/lock-unlock-action.js?v=d3b0b623 HTTP/1.1" 200 1161
[26.10.2020 21:35:57 INFO: "GET /static/wagtailadmin/js/workflow-action.js?v=d3b0b623 HTTP/1.1" 200 4268
[26.10.2020 21:35:57 INFO: "GET /static/wagtailadmin/js/date-time-chooser.js?v=d3b0b623 HTTP/1.1" 200 3046
[26.10.2020 21:35:57 INFO: "GET /static/wagtailadmin/js/vendor/bootstrap-tooltip.js?v=d3b0b623 HTTP/1.1" 200 11928
[26.10.2020 21:35:57 INFO: "GET /static/wagtailadmin/js/draftail.js?v=d3b0b623 HTTP/1.1" 200 272559
[26.10.2020 21:38:06 INFO: "POST /cms/pages/add/posts/postdetailpage/3/ HTTP/1.1" 302 0
[26.10.2020 21:38:11 INFO: "GET /cms/pages/3/ HTTP/1.1" 200 116590
[26.10.2020 21:38:14 INFO: "GET /title/ HTTP/1.1" 200 12234
[26.10.2020 21:38:14 INFO: "GET /static/wagtailadmin/css/userbar.css?v=d3b0b623 HTTP/1.1" 304 0
[26.10.2020 21:38:14 INFO: "GET /static/wagtailadmin/js/userbar.js?v=d3b0b623 HTTP/1.1" 200 1802
[26.10.2020 21:38:15 INFO: "GET /static/plugins/font-awesome/webfonts/fa-solid-900.woff2 HTTP/1.1" 304 0
[26.10.2020 21:38:20 INFO: "GET /content/title/pdf HTTP/1.1" 200 20094
[26.10.2020 21:38:21 INFO: "GET /content/title/pdf HTTP/1.1" 200 20094
[26.10.2020 21:38:27 INFO: "GET / HTTP/1.1" 200 13364
[26.10.2020 21:38:31 INFO: "GET /title/ HTTP/1.1" 200 12234
[26.10.2020 21:39:10 WARNING: "GET /contens/lorem-ipsum/ HTTP/1.1" 404 1721
